<?xml version="1.0" encoding="UTF-8"?>
<testsuite xmlns:xsi="http://www.w3.org/2001/XMLSchema-instance" xsi:noNamespaceSchemaLocation="https://maven.apache.org/surefire/maven-surefire-plugin/xsd/surefire-test-report-3.0.xsd" version="3.0" name="pl.edu.agh.kis.pz1.HotelTest" time="0.103" tests="1" errors="0" skipped="0" failures="0">
  <properties>
[...]
</properties>
  <testcase name="retAnythingTest" classname="pl.edu.agh.kis.pz1.HotelTest" time="0.07">
    <system-out><![CDATA[Room 101
Opis: VIP
Cena: 100
$Gosc glowny: John Smith
Goscie dodatkowi: Sarah Smith
Data zameldowania: 2024-11-10
Pojemnosc: 4
Czas trwania pobytu: 4

Room 102
Opis: VIP
Cena: 100
$Gosc glowny: Sarah Johnson
Goscie dodatkowi: 
Data zameldowania: 
Pojemnosc: 4
Czas trwania pobytu: 1

Room 103
Opis: Deluxe
Cena: 75
$Gosc glowny: John Thompson
Goscie dodatkowi: Linda Thompson Alex A
Data zameldowania: 2024-11-08
Pojemnosc: 3
Czas trwania pobytu: 6

Room 104
Opis: VIP
Cena: 100
$Gosc glowny: 
Goscie dodatkowi: 
Data zameldowania: 
Pojemnosc: 4
Czas trwania pobytu: 

Room 201
Opis: Normal
Cena: 20
$Gosc glowny: John Brown
Goscie dodatkowi: Sarah Brown
Data zameldowania: 2024-11-10
Pojemnosc: 2
Czas trwania pobytu: 1

Room 202
Opis: Normal
Cena: 20
$Gosc glowny: Michael Green
Goscie dodatkowi: 
Data zameldowania: 
Pojemnosc: 2
Czas trwania pobytu: 9

Room 203
Opis: Normal
Cena: 20
$Gosc glowny: Sarah Adams
Goscie dodatkowi: 
Data zameldowania: 
Pojemnosc: 2
Czas trwania pobytu: 8

Room 204
Opis: Normal
Cena: 20
$Gosc glowny: Sarah Wilson
Goscie dodatkowi: John Wilson
Data zameldowania: 2024-11-10
Pojemnosc: 2
Czas trwania pobytu: 1

Room 205
Opis: Normal
Cena: 20
$Gosc glowny: John Black
Goscie dodatkowi: Sarah Black
Data zameldowania: 2024-11-10
Pojemnosc: 2
Czas trwania pobytu: 1

Room 206
Opis: Normal
Cena: 20
$Gosc glowny: 
Goscie dodatkowi: 
Data zameldowania: 
Pojemnosc: 2
Czas trwania pobytu: 

Room 301
Opis: Normal+
Cena: 35
$Gosc glowny: John Taylor
Goscie dodatkowi: 
Data zameldowania: 
Pojemnosc: 2
Czas trwania pobytu: 1

Room 302
Opis: Normal+
Cena: 35
$Gosc glowny: Sarah Taylor
Goscie dodatkowi: 
Data zameldowania: 
Pojemnosc: 2
Czas trwania pobytu: 5

Room 303
Opis: Normal+
Cena: 35
$Gosc glowny: John White
Goscie dodatkowi: Sarah White
Data zameldowania: 2024-11-10
Pojemnosc: 2
Czas trwania pobytu: 1

Room 304
Opis: Normal+
Cena: 35
$Gosc glowny: John Walker
Goscie dodatkowi: 
Data zameldowania: 
Pojemnosc: 2
Czas trwania pobytu: 1

Room 305
Opis: Normal+
Cena: 35
$Gosc glowny: 
Goscie dodatkowi: 
Data zameldowania: 
Pojemnosc: 2
Czas trwania pobytu: 

Room 401
Opis: Suite
Cena: 55
$Gosc glowny: Michael Wilson
Goscie dodatkowi: John King
Data zameldowania: 2024-11-10
Pojemnosc: 3
Czas trwania pobytu: 4

Room 402
Opis: Suite
Cena: 55
$Gosc glowny: Sarah King
Goscie dodatkowi: Linda Lee Sarah Lee
Data zameldowania: 2024-11-07
Pojemnosc: 3
Czas trwania pobytu: 7

Room 403
Opis: Suite
Cena: 55
$Gosc glowny: John Lee
Goscie dodatkowi: 
Data zameldowania: 
Pojemnosc: 3
Czas trwania pobytu: 1

Room 404
Opis: Normal
Cena: 20
$Gosc glowny: 
Goscie dodatkowi: 
Data zameldowania: 
Pojemnosc: 2
Czas trwania pobytu: 

Room 405
Opis: Suite
Cena: 55
$Gosc glowny: 
Goscie dodatkowi: Sarah Black
Data zameldowania: 2024-11-19
Pojemnosc: 3
Czas trwania pobytu: 

Room 501
Opis: VIP
Cena: 100
$Gosc glowny: John Black
Goscie dodatkowi: 
Data zameldowania: 
Pojemnosc: 4
Czas trwania pobytu: 8

Room 502
Opis: VIP
Cena: 100
$Gosc glowny: Sarah Rivera
Goscie dodatkowi: 
Data zameldowania: 
Pojemnosc: 4
Czas trwania pobytu: 1

Room 503
Opis: VIP
Cena: 100
$Gosc glowny: 
Goscie dodatkowi: Sarah Harris
Data zameldowania: 2024-11-19
Pojemnosc: 4
Czas trwania pobytu: 

Room 601
Opis: Deluxe
Cena: 75
$Gosc glowny: Sarah Davis
Goscie dodatkowi: 
Data zameldowania: 
Pojemnosc: 3
Czas trwania pobytu: 10

Room 602
Opis: Deluxe
Cena: 75
$Gosc glowny: John Harris
Goscie dodatkowi: 
Data zameldowania: 
Pojemnosc: 3
Czas trwania pobytu: 1

Room 603
Opis: Deluxe
Cena: 75
$Gosc glowny: Michael Kim
Goscie dodatkowi: Linda Carter Alex B
Data zameldowania: 2024-11-10
Pojemnosc: 3
Czas trwania pobytu: 1

Room 604
Opis: Deluxe
Cena: 75
$Gosc glowny: 
Goscie dodatkowi: 
Data zameldowania: 
Pojemnosc: 3
Czas trwania pobytu: 1

Room 701
Opis: Penthouse
Cena: 150
$Gosc glowny: Michael Carter
Goscie dodatkowi: 
Data zameldowania: 
Pojemnosc: 5
Czas trwania pobytu: 4

Room 702
Opis: Penthouse
Cena: 150
$Gosc glowny: 
Goscie dodatkowi: 
Data zameldowania: 
Pojemnosc: 5
Czas trwania pobytu: 


]]></system-out>
  </testcase>
</testsuite>